--- Startup times for process: Primary (or UI client) ---

times in msec
 clock   self+sourced   self:  sourced script
 clock   elapsed:              other lines

000.000  000.000: --- NVIM STARTING ---
000.095  000.095: event init
000.163  000.067: early init
000.267  000.104: locale set
000.307  000.040: init first window
000.533  000.226: inits 1
000.536  000.003: window checked
000.539  000.002: parsing arguments
000.801  000.017  000.017: require('vim.shared')
000.844  000.019  000.019: require('vim.inspect')
000.864  000.016  000.016: require('vim._options')
000.865  000.063  000.027: require('vim._editor')
000.866  000.105  000.025: require('vim._init_packages')
000.866  000.223: init lua interpreter
001.725  000.859: nvim_ui_attach
001.907  000.182: nvim_set_client_info
001.908  000.001: --- NVIM STARTED ---

--- Startup times for process: Embedded ---

times in msec
 clock   self+sourced   self:  sourced script
 clock   elapsed:              other lines

000.000  000.000: --- NVIM STARTING ---
000.061  000.061: event init
000.106  000.045: early init
000.201  000.095: locale set
000.224  000.023: init first window
000.399  000.175: inits 1
000.406  000.007: window checked
000.407  000.001: parsing arguments
000.654  000.017  000.017: require('vim.shared')
000.693  000.017  000.017: require('vim.inspect')
000.715  000.018  000.018: require('vim._options')
000.715  000.060  000.025: require('vim._editor')
000.716  000.099  000.022: require('vim._init_packages')
000.717  000.210: init lua interpreter
000.741  000.025: expanding arguments
000.751  000.009: inits 2
000.898  000.148: init highlight
000.899  000.000: waiting for UI
000.952  000.054: done waiting for UI
000.955  000.003: clear screen
001.004  000.004  000.004: require('vim.keymap')
001.662  000.252  000.252: require('vim.termcap')
001.693  000.024  000.024: require('vim.text')
001.749  000.793  000.513: require('vim._defaults')
001.750  000.002: init default mappings & autocommands
001.792  000.029  000.029: sourcing /usr/share/nvim/runtime/ftplugin.vim
001.819  000.013  000.013: sourcing /usr/share/nvim/runtime/indent.vim
001.984  000.120  000.120: require('options')
002.538  000.002  000.002: require('vim.F')
002.553  000.512  000.510: require('vim.diagnostic')
002.612  000.626  000.114: require('keymaps')
002.654  000.041  000.041: require('lazy-bootstrap')
002.903  000.053  000.053: require('lazy')
002.938  000.035  000.035: require('kickstart/plugins/gitsigns')
002.968  000.030  000.030: require('kickstart/plugins/which-key')
003.012  000.043  000.043: require('kickstart/plugins/telescope')
003.084  000.071  000.071: require('kickstart/plugins/lspconfig')
003.108  000.024  000.024: require('kickstart/plugins/conform')
003.161  000.052  000.052: require('kickstart/plugins/cmp')
003.174  000.013  000.013: require('kickstart/plugins/tokyonight')
003.187  000.012  000.012: require('kickstart/plugins/rosepine')
003.200  000.013  000.013: require('kickstart/plugins/kanagawa-theme')
003.213  000.012  000.012: require('kickstart/plugins/todo-comments')
003.227  000.013  000.013: require('kickstart/plugins/mini')
003.246  000.019  000.019: require('kickstart/plugins/treesitter')
003.281  000.035  000.035: require('kickstart.plugins.debug')
003.293  000.011  000.011: require('kickstart.plugins.indent_line')
003.315  000.022  000.022: require('kickstart.plugins.lint')
003.329  000.014  000.014: require('kickstart.plugins.autopairs')
003.348  000.019  000.019: require('kickstart.plugins.neo-tree')
003.363  000.010  000.010: require('ffi')
003.398  000.023  000.023: require('vim.fs')
003.449  000.050  000.050: require('vim.uri')
003.458  000.094  000.022: require('vim.loader')
003.683  000.215  000.215: require('lazy.stats')
003.757  000.063  000.063: require('lazy.core.util')
003.826  000.067  000.067: require('lazy.core.config')
003.911  000.035  000.035: require('lazy.core.handler')
004.002  000.041  000.041: require('lazy.pkg')
004.004  000.067  000.026: require('lazy.core.meta')
004.007  000.095  000.028: require('lazy.core.plugin')
004.009  000.182  000.053: require('lazy.core.loader')
004.133  000.034  000.034: require('lazy.core.fragments')
005.074  000.048  000.048: require('lazy.core.handler.event')
005.077  000.119  000.071: require('lazy.core.handler.ft')
005.107  000.028  000.028: require('lazy.core.handler.cmd')
005.149  000.040  000.040: require('lazy.core.handler.keys')
005.447  000.020  000.020: sourcing /home/hshayde/.local/share/nvim/lazy/rust.vim/ftdetect/rust.vim
005.818  000.042  000.042: require('dap.utils')
005.847  000.357  000.314: require('dap')
006.067  000.028  000.028: require('nio.tasks')
006.095  000.027  000.027: require('nio.control')
006.172  000.019  000.019: require('vim.health')
006.173  000.057  000.038: require('vim.deprecated.health')
006.257  000.032  000.032: require('vim.iter')
007.274  001.179  001.090: require('nio.uv')
007.306  000.031  000.031: require('nio.tests')
007.351  000.024  000.024: require('vim.ui')
007.393  000.086  000.062: require('nio.ui')
007.467  000.045  000.045: require('nio.streams')
007.469  000.075  000.030: require('nio.file')
007.583  000.021  000.021: require('nio.util')
007.599  000.099  000.079: require('nio.logger')
007.621  000.152  000.053: require('nio.lsp')
007.643  000.021  000.021: require('nio.process')
007.679  001.699  000.101: require('nio')
007.851  000.036  000.036: require('dapui.config.highlights')
007.931  000.201  000.164: require('dapui.config')
007.934  000.227  000.027: require('dapui.util')
008.007  000.072  000.072: require('dapui.windows.layout')
008.009  000.328  000.029: require('dapui.windows')
008.074  000.065  000.065: require('dapui.controls')
008.077  002.229  000.138: require('dapui')
008.203  000.045  000.045: sourcing /usr/share/nvim/runtime/filetype.lua
008.761  000.094  000.094: require('kanagawa')
008.798  000.035  000.035: require('kanagawa.utils')
008.835  000.033  000.033: require('kanagawa.colors')
008.917  000.028  000.028: require('kanagawa.lib.hsluv')
008.919  000.051  000.023: require('kanagawa.lib.color')
008.919  000.079  000.028: require('kanagawa.themes')
008.950  000.019  000.019: require('kanagawa.highlights')
008.975  000.024  000.024: require('kanagawa.highlights.editor')
009.026  000.030  000.030: require('kanagawa.highlights.syntax')
009.094  000.062  000.062: require('kanagawa.highlights.treesitter')
009.136  000.032  000.032: require('kanagawa.highlights.lsp')
009.222  000.077  000.077: require('kanagawa.highlights.plugins')
009.708  001.047  000.563: sourcing /home/hshayde/.local/share/nvim/lazy/kanagawa/colors/kanagawa-wave.vim
010.210  000.064  000.064: require('nvim-treesitter.utils')
010.861  000.016  000.016: require('vim.treesitter.language')
010.875  000.012  000.012: require('vim.func')
010.891  000.014  000.014: require('vim.func._memoize')
010.897  000.076  000.034: require('vim.treesitter.query')
010.914  000.016  000.016: require('vim.treesitter._range')
010.919  000.125  000.034: require('vim.treesitter.languagetree')
010.921  000.507  000.382: require('vim.treesitter')
011.175  000.963  000.456: require('nvim-treesitter.parsers')
011.263  000.023  000.023: require('nvim-treesitter.compat')
011.302  000.021  000.021: require('nvim-treesitter.ts_utils')
011.304  000.040  000.019: require('nvim-treesitter.tsrange')
011.318  000.013  000.013: require('nvim-treesitter.caching')
011.322  000.100  000.024: require('nvim-treesitter.query')
011.327  000.130  000.030: require('nvim-treesitter.configs')
011.329  000.153  000.023: require('nvim-treesitter.info')
011.352  000.023  000.023: require('nvim-treesitter.shell_command_selectors')
011.361  001.283  000.080: require('nvim-treesitter.install')
011.376  000.014  000.014: require('nvim-treesitter.statusline')
011.395  000.018  000.018: require('nvim-treesitter.query_predicates')
011.396  001.425  000.110: require('nvim-treesitter')
011.580  001.635  000.211: sourcing /home/hshayde/.local/share/nvim/lazy/nvim-treesitter/plugin/nvim-treesitter.lua
012.182  000.021  000.021: require('nvim-treesitter.highlight')
012.212  000.020  000.020: require('nvim-treesitter.indent')
012.402  000.018  000.018: require('toggleterm.lazy')
012.420  000.016  000.016: require('toggleterm.constants')
012.468  000.045  000.045: require('toggleterm.terminal')
012.471  000.187  000.108: require('toggleterm')
012.507  000.016  000.016: require('toggleterm.colors')
012.530  000.022  000.022: require('toggleterm.utils')
012.534  000.063  000.024: require('toggleterm.config')
012.579  000.025  000.025: require('vim.version')
013.403  000.046  000.046: require('toggleterm.commandline')
013.661  000.047  000.047: require('lualine_require')
013.809  000.355  000.308: require('lualine')
016.643  000.019  000.019: require('mason-core.path')
016.696  000.029  000.029: require('mason-core.functional')
016.730  000.014  000.014: require('mason-core.functional.data')
016.732  000.032  000.018: require('mason-core.functional.function')
016.786  000.047  000.047: require('mason-core.functional.relation')
016.835  000.025  000.025: require('mason-core.functional.logic')
016.840  000.195  000.062: require('mason-core.platform')
016.867  000.026  000.026: require('mason.settings')
016.869  000.363  000.123: require('mason')
016.935  000.024  000.024: require('mason-core.functional.list')
016.953  000.017  000.017: require('mason-core.functional.string')
016.963  000.079  000.039: require('mason.api.command')
017.006  000.038  000.038: require('mason-registry.sources')
017.229  000.045  000.045: sourcing /home/hshayde/.local/share/nvim/lazy/nvim-dap/plugin/dap.lua
017.418  000.030  000.030: require('mason-core.log')
017.420  000.182  000.152: require('mason-nvim-dap')
017.436  000.015  000.015: require('mason-nvim-dap.settings')
017.502  000.015  000.015: require('mason-core.EventEmitter')
017.519  000.015  000.015: require('mason-core.optional')
017.565  000.031  000.031: require('mason-core.async')
017.580  000.013  000.013: require('mason-core.async.uv')
017.582  000.063  000.019: require('mason-core.fs')
017.589  000.120  000.027: require('mason-registry')
017.620  000.015  000.015: require('mason-core.functional.table')
017.623  000.033  000.017: require('mason-nvim-dap.mappings.source')
017.623  000.169  000.017: require('mason-nvim-dap.ensure_installed')
017.661  000.016  000.016: require('mason-core.result')
017.726  000.033  000.033: require('mason-core.process')
017.780  000.053  000.053: require('mason-core.spawn')
017.782  000.105  000.018: require('mason-core.managers.powershell')
017.796  000.014  000.014: require('mason.version')
017.797  000.136  000.018: require('mason-core.fetch')
017.813  000.015  000.015: require('mason-core.providers')
017.885  000.037  000.037: require('mason-core.purl')
017.889  000.063  000.026: require('mason-core.package')
017.955  000.019  000.019: require('mason-core.installer.registry.expr')
017.958  000.049  000.030: require('mason-core.installer.registry.link')
018.048  000.016  000.016: require('mason-core.receipt')
018.057  000.045  000.029: require('mason-core.installer.context')
018.073  000.016  000.016: require('mason-core.async.control')
018.091  000.017  000.017: require('mason-core.installer.linker')
018.093  000.101  000.024: require('mason-core.installer')
018.100  000.128  000.027: require('mason-core.installer.managers.std')
018.101  000.143  000.015: require('mason-core.installer.registry.schemas')
018.122  000.020  000.020: require('mason-core.installer.registry.util')
018.126  000.236  000.025: require('mason-core.installer.registry')
018.127  000.314  000.015: require('mason-registry.sources.util')
018.131  000.505  000.024: require('mason-registry.sources.github')
020.160  000.019  000.019: require('mason-nvim-dap.automatic_installation')
020.178  000.014  000.014: require('mason-core.notify')
020.236  000.019  000.019: require('mason-nvim-dap.mappings.adapters')
020.255  000.017  000.017: require('mason-nvim-dap.mappings.filetypes')
022.312  000.033  000.033: require('mason-core.functional.type')
074.999  054.744  054.710: require('mason-nvim-dap.mappings.configurations')
075.093  000.085  000.085: require('mason-nvim-dap.mappings.adapters.delve')
075.120  000.025  000.025: require('mason-nvim-dap.automatic_setup')
075.160  000.030  000.030: require('mason-nvim-dap.mappings.adapters.codelldb')
075.197  000.031  000.031: require('dap.ext.vscode')
075.249  000.019  000.019: require('mason-core.functional.number')
075.266  000.063  000.044: require('mason-nvim-dap.api.command')
075.474  000.037  000.037: require('dapui.client.types')
075.477  000.069  000.033: require('dapui.client')
075.500  000.023  000.023: require('dap.breakpoints')
075.549  000.020  000.020: require('dapui.client.lib')
075.596  000.027  000.027: require('dapui.render.canvas')
075.597  000.044  000.018: require('dapui.elements.breakpoints')
075.653  000.020  000.020: require('dapui.components.breakpoints')
075.677  000.016  000.016: require('dapui.elements.repl')
075.694  000.015  000.015: require('dapui.elements.scopes')
075.738  000.016  000.016: require('dapui.components.scopes')
075.757  000.018  000.018: require('dapui.components.variables')
075.781  000.015  000.015: require('dapui.elements.stacks')
075.838  000.014  000.014: require('dapui.components.frames')
075.838  000.030  000.016: require('dapui.components.threads')
075.859  000.015  000.015: require('dapui.elements.watches')
075.918  000.017  000.017: require('dapui.components.watches')
075.938  000.014  000.014: require('dapui.elements.hover')
075.987  000.015  000.015: require('dapui.components.hover')
076.004  000.016  000.016: require('dapui.elements.console')
076.513  000.177  000.177: require('mason-tool-installer')
076.522  000.207  000.030: sourcing /home/hshayde/.local/share/nvim/lazy/mason-tool-installer.nvim/plugin/mason-tool-installer.lua
076.830  000.028  000.028: require('fidget.spinner.patterns')
076.832  000.044  000.016: require('fidget.spinner')
076.847  000.013  000.013: require('fidget.options')
076.849  000.079  000.021: require('fidget.progress.display')
076.892  000.021  000.021: require('fidget.logger')
076.982  000.027  000.027: require('vim.lsp.log')
077.092  000.109  000.109: require('vim.lsp.protocol')
077.185  000.091  000.091: require('vim.lsp.util')
077.222  000.015  000.015: require('vim.lsp.sync')
077.224  000.038  000.023: require('vim.lsp._changetracking')
077.263  000.038  000.038: require('vim.lsp.rpc')
077.278  000.385  000.082: require('vim.lsp')
077.339  000.029  000.029: require('vim.lsp.completion')
077.345  000.066  000.036: require('vim.lsp.handlers')
077.347  000.497  000.025: require('fidget.progress.lsp')
077.428  000.020  000.020: require('fidget.poll')
077.430  000.039  000.019: require('fidget.notification.model')
077.454  000.024  000.024: require('fidget.notification.window')
077.475  000.020  000.020: require('fidget.notification.view')
077.480  000.115  000.033: require('fidget.notification')
077.481  000.133  000.017: require('fidget.progress.handle')
077.485  000.735  000.026: require('fidget.progress')
077.520  000.035  000.035: require('fidget.commands')
077.549  000.014  000.014: require('fidget.integration.nvim-tree')
077.566  000.016  000.016: require('fidget.integration.xcodebuild-nvim')
077.567  000.046  000.016: require('fidget.integration')
077.569  000.987  000.172: require('fidget')
078.986  000.059  000.059: require('lspconfig.util')
078.999  000.120  000.062: sourcing /home/hshayde/.local/share/nvim/lazy/nvim-lspconfig/plugin/lspconfig.lua
079.190  000.021  000.021: require('cmp_nvim_lsp.source')
079.192  000.151  000.131: require('cmp_nvim_lsp')
079.327  000.016  000.016: require('mason-lspconfig.settings')
079.329  000.043  000.027: require('mason-lspconfig')
079.450  000.014  000.014: require('mason-lspconfig.notify')
079.453  000.036  000.022: require('mason-lspconfig.lspconfig_hook')
079.507  000.053  000.053: require('mason-lspconfig.mappings.server')
079.521  000.013  000.013: require('mason-lspconfig.server_config_extensions')
079.561  000.016  000.016: require('lspconfig.async')
079.562  000.040  000.025: require('lspconfig.configs')
079.585  000.022  000.022: require('lspconfig.configs.omnisharp')
079.681  000.034  000.034: require('mason-lspconfig.api.command')
079.718  000.022  000.022: require('lspconfig')
079.736  000.017  000.017: require('lspconfig.configs.lua_ls')
079.941  000.023  000.023: require('lspconfig.manager')
079.971  000.018  000.018: require('lspconfig.configs.pyright')
080.176  000.018  000.018: require('lspconfig.configs.gopls')
093.188  000.147  000.147: require('rustaceanvim.config')
093.453  000.202  000.202: require('mini.ai')
093.631  000.093  000.093: require('mini.animate')
093.793  000.079  000.079: require('mini.starter')
093.857  000.025  000.025: require('mini.cursorword')
094.095  000.014  000.014: require('bufferline.lazy')
094.123  000.025  000.025: require('bufferline.commands')
094.161  000.035  000.035: require('bufferline.config')
094.162  000.224  000.150: require('bufferline')
094.227  000.028  000.028: require('bufferline.utils')
094.228  000.063  000.036: require('bufferline.groups')
094.281  000.019  000.019: require('bufferline.constants')
094.299  000.016  000.016: require('bufferline.colors')
094.367  000.025  000.025: require('bufferline.highlights')
095.076  000.480  000.480: require('bufferline.hover')
095.188  000.039  000.039: require('bufferline.ui')
095.481  000.028  000.028: require('ibl.utils')
095.484  000.052  000.024: require('ibl.config')
095.517  000.014  000.014: require('ibl.indent')
095.519  000.034  000.021: require('ibl.hooks')
095.521  000.104  000.018: require('ibl.highlights')
095.535  000.014  000.014: require('ibl.autocmds')
095.551  000.015  000.015: require('ibl.inlay_hints')
095.565  000.014  000.014: require('ibl.virt_text')
095.792  000.212  000.212: require('ibl.scope_languages')
095.793  000.227  000.015: require('ibl.scope')
095.796  000.523  000.149: require('ibl')
096.075  000.015  000.015: require('multicursor-nvim.feedkeys-manager')
096.157  000.018  000.018: require('multicursor-nvim.term-codes')
096.173  000.015  000.015: require('multicursor-nvim.tbl')
096.188  000.015  000.015: require('multicursor-nvim.util')
096.199  000.123  000.075: require('multicursor-nvim.cursor-manager')
096.236  000.016  000.016: require('multicursor-nvim.snippet-manager')
096.238  000.038  000.023: require('multicursor-nvim.input-manager')
096.240  000.196  000.021: require('multicursor-nvim.core')
096.286  000.045  000.045: require('multicursor-nvim.examples')
096.295  000.403  000.162: require('multicursor-nvim')
096.391  000.059  000.059: require('vim.lsp._snippet_grammar')
096.397  000.092  000.033: require('vim.snippet')
096.723  000.018  000.018: require('gitsigns.async')
096.742  000.017  000.017: require('gitsigns.debug.log')
096.784  000.041  000.041: require('gitsigns.config')
096.786  000.231  000.154: require('gitsigns')
096.870  000.029  000.029: require('gitsigns.highlight')
097.065  000.020  000.020: require('gitsigns.debounce')
097.337  000.191  000.191: sourcing /home/hshayde/.local/share/nvim/lazy/vim-sleuth/plugin/sleuth.vim
097.448  000.035  000.035: sourcing /usr/share/nvim/runtime/plugin/editorconfig.lua
097.536  000.076  000.076: sourcing /usr/share/nvim/runtime/plugin/gzip.vim
097.582  000.035  000.035: sourcing /usr/share/nvim/runtime/plugin/man.lua
097.894  000.105  000.105: sourcing /usr/share/nvim/runtime/pack/dist/opt/matchit/plugin/matchit.vim
097.903  000.310  000.204: sourcing /usr/share/nvim/runtime/plugin/matchit.vim
097.978  000.063  000.063: sourcing /usr/share/nvim/runtime/plugin/matchparen.vim
098.132  000.143  000.143: sourcing /usr/share/nvim/runtime/plugin/netrwPlugin.vim
098.176  000.030  000.030: sourcing /usr/share/nvim/runtime/plugin/osc52.lua
098.263  000.074  000.074: sourcing /usr/share/nvim/runtime/plugin/rplugin.vim
098.305  000.028  000.028: sourcing /usr/share/nvim/runtime/plugin/shada.vim
098.327  000.009  000.009: sourcing /usr/share/nvim/runtime/plugin/spellfile.vim
098.382  000.043  000.043: sourcing /usr/share/nvim/runtime/plugin/tarPlugin.vim
098.412  000.018  000.018: sourcing /usr/share/nvim/runtime/plugin/tohtml.lua
098.433  000.009  000.009: sourcing /usr/share/nvim/runtime/plugin/tutor.vim
098.505  000.061  000.061: sourcing /usr/share/nvim/runtime/plugin/zipPlugin.vim
098.626  000.028  000.028: sourcing /home/hshayde/.local/share/nvim/lazy/indent-blankline.nvim/after/plugin/commands.lua
098.689  000.037  000.037: sourcing /home/hshayde/.local/share/nvim/lazy/cmp-nvim-lsp/after/plugin/cmp_nvim_lsp.lua
098.712  096.058  026.154: require('lazy-plugins')
098.713  096.869  000.023: sourcing /home/hshayde/.config/nvim/init.lua
098.716  000.056: sourcing vimrc file(s)
098.949  000.014  000.014: sourcing /usr/share/nvim/runtime/filetype.lua
099.084  000.033  000.033: sourcing /usr/share/nvim/runtime/syntax/synload.vim
099.123  000.143  000.110: sourcing /usr/share/nvim/runtime/syntax/syntax.vim
099.130  000.257: inits 3
100.353  001.223: reading ShaDa
100.440  000.086: opening buffers
100.487  000.026  000.026: require('bufferline.state')
100.507  000.041: BufEnter autocommands
100.508  000.002: editing files in windows
100.722  000.018  000.018: sourcing /home/hshayde/.local/share/nvim/lazy/plenary.nvim/plugin/plenary.vim
101.206  000.015  000.015: sourcing /home/hshayde/.local/share/nvim/lazy/nvim-web-devicons/plugin/nvim-web-devicons.vim
101.314  000.074  000.074: sourcing /home/hshayde/.local/share/nvim/lazy/telescope.nvim/plugin/telescope.lua
101.515  000.024  000.024: require('telescope._extensions')
101.517  000.193  000.168: require('telescope')
101.540  000.023  000.023: require('telescope.themes')
101.734  000.065  000.065: require('plenary.bit')
101.770  000.036  000.036: require('plenary.functional')
101.787  000.177  000.075: require('plenary.path')
101.794  000.206  000.030: require('plenary.strings')
101.824  000.029  000.029: require('telescope.deprecated')
101.961  000.048  000.048: require('plenary.log')
101.970  000.103  000.055: require('telescope.log')
102.148  000.048  000.048: require('plenary.compat')
102.154  000.117  000.069: require('plenary.job')
102.199  000.044  000.044: require('telescope.state')
102.213  000.243  000.082: require('telescope.utils')
102.218  000.393  000.047: require('telescope.sorters')
103.061  001.517  000.888: require('telescope.config')
103.556  000.079  000.079: require('fzf_lib')
103.560  000.128  000.049: require('telescope._extensions.fzf')
103.632  000.069  000.069: require('telescope._extensions.ui-select')
103.924  000.024  000.024: require('plenary.tbl')
103.926  000.048  000.024: require('plenary.vararg.rotate')
103.927  000.077  000.028: require('plenary.vararg')
103.959  000.032  000.032: require('plenary.errors')
103.961  000.134  000.025: require('plenary.async.async')
104.128  000.026  000.026: require('plenary.async.structs')
104.131  000.067  000.041: require('plenary.async.control')
104.134  000.151  000.083: require('plenary.async.util')
104.136  000.174  000.023: require('plenary.async.tests')
104.137  000.388  000.081: require('plenary.async')
104.233  000.060  000.060: require('plenary.window.border')
104.259  000.025  000.025: require('plenary.window')
104.279  000.019  000.019: require('plenary.popup.utils')
104.281  000.142  000.038: require('plenary.popup')
104.462  000.079  000.079: require('telescope.pickers.scroller')
104.491  000.028  000.028: require('telescope.actions.state')
104.561  000.069  000.069: require('telescope.actions.utils')
104.639  000.041  000.041: require('telescope.actions.mt')
104.647  000.086  000.045: require('telescope.actions.set')
104.722  000.043  000.043: require('telescope.config.resolve')
104.723  000.075  000.032: require('telescope.pickers.entry_display')
104.756  000.032  000.032: require('telescope.from_entry')
104.895  000.613  000.245: require('telescope.actions')
104.951  000.054  000.054: require('telescope.debounce')
105.048  000.096  000.096: require('telescope.mappings')
105.093  000.044  000.044: require('telescope.pickers.highlights')
105.122  000.028  000.028: require('telescope.pickers.window')
105.190  000.035  000.035: require('telescope.algos.linked_list')
105.192  000.069  000.034: require('telescope.entry_manager')
105.220  000.028  000.028: require('telescope.pickers.multi')
105.228  001.587  000.124: require('telescope.pickers')
105.479  000.218  000.218: require('telescope.make_entry')
105.631  000.151  000.151: require('telescope.finders.async_static_finder')
105.834  000.072  000.072: require('plenary.class')
105.846  000.161  000.089: require('telescope._')
105.847  000.215  000.054: require('telescope.finders.async_oneshot_finder')
105.904  000.056  000.056: require('telescope.finders.async_job_finder')
105.914  000.685  000.045: require('telescope.finders')
106.093  000.170  000.170: require('telescope.builtin')
106.362  000.058  000.058: sourcing /home/hshayde/.local/share/nvim/lazy/which-key.nvim/plugin/which-key.lua
106.779  000.383  000.383: require('which-key')
106.987  000.207  000.207: require('which-key.config')
107.207  000.070  000.070: sourcing /home/hshayde/.local/share/nvim/lazy/todo-comments.nvim/plugin/todo.vim
107.605  000.074  000.074: require('todo-comments.util')
107.616  000.140  000.066: require('todo-comments.config')
107.783  000.113  000.113: require('todo-comments.highlight')
107.785  000.152  000.039: require('todo-comments.jump')
107.786  000.537  000.245: require('todo-comments')
108.051  000.110  000.110: require('vim.treesitter.highlighter')
123.375  017.020: VimEnter autocommands
123.401  000.027: UIEnter autocommands
123.403  000.001: before starting main loop
123.674  000.271: first screen update
123.675  000.001: --- NVIM STARTED ---

--- Startup times for process: Primary (or UI client) ---

times in msec
 clock   self+sourced   self:  sourced script
 clock   elapsed:              other lines

000.000  000.000: --- NVIM STARTING ---
003.859  003.859: event init
005.585  001.726: early init
005.926  000.341: locale set
007.305  001.379: init first window
009.193  001.888: inits 1
009.198  000.004: window checked
009.203  000.005: parsing arguments
009.947  000.019  000.019: require('vim.shared')
009.989  000.019  000.019: require('vim.inspect')
010.009  000.016  000.016: require('vim._options')
010.010  000.061  000.026: require('vim._editor')
010.011  000.106  000.027: require('vim._init_packages')
010.012  000.702: init lua interpreter
011.235  001.223: nvim_ui_attach
011.487  000.252: nvim_set_client_info
011.489  000.002: --- NVIM STARTED ---

--- Startup times for process: Embedded ---

times in msec
 clock   self+sourced   self:  sourced script
 clock   elapsed:              other lines

000.000  000.000: --- NVIM STARTING ---
000.056  000.056: event init
000.094  000.037: early init
000.187  000.094: locale set
000.207  000.019: init first window
000.385  000.178: inits 1
000.393  000.008: window checked
000.394  000.002: parsing arguments
000.640  000.016  000.016: require('vim.shared')
000.680  000.017  000.017: require('vim.inspect')
000.700  000.017  000.017: require('vim._options')
000.702  000.060  000.025: require('vim._editor')
000.702  000.100  000.024: require('vim._init_packages')
000.703  000.209: init lua interpreter
000.734  000.030: expanding arguments
000.743  000.010: inits 2
001.119  000.375: init highlight
001.121  000.002: waiting for UI
001.377  000.256: done waiting for UI
001.381  000.004: clear screen
001.445  000.004  000.004: require('vim.keymap')
003.672  001.808  001.808: require('vim.termcap')
003.869  000.186  000.186: require('vim.text')
004.161  002.778  000.780: require('vim._defaults')
004.163  000.004: init default mappings & autocommands
004.358  000.180  000.180: sourcing /usr/share/nvim/runtime/ftplugin.vim
004.531  000.157  000.157: sourcing /usr/share/nvim/runtime/indent.vim
005.003  000.286  000.286: require('options')
006.030  000.003  000.003: require('vim.F')
006.046  000.836  000.833: require('vim.diagnostic')
006.109  001.104  000.269: require('keymaps')
006.313  000.203  000.203: require('lazy-bootstrap')
006.845  000.181  000.181: require('lazy')
007.007  000.160  000.160: require('kickstart/plugins/gitsigns')
007.169  000.161  000.161: require('kickstart/plugins/which-key')
007.371  000.201  000.201: require('kickstart/plugins/telescope')
007.598  000.225  000.225: require('kickstart/plugins/lspconfig')
007.770  000.171  000.171: require('kickstart/plugins/conform')
007.971  000.199  000.199: require('kickstart/plugins/cmp')
008.123  000.151  000.151: require('kickstart/plugins/tokyonight')
008.263  000.139  000.139: require('kickstart/plugins/rosepine')
008.442  000.177  000.177: require('kickstart/plugins/kanagawa-theme')
008.630  000.184  000.184: require('kickstart/plugins/todo-comments')
008.810  000.178  000.178: require('kickstart/plugins/mini')
008.992  000.178  000.178: require('kickstart/plugins/treesitter')
009.156  000.162  000.162: require('kickstart.plugins.debug')
009.303  000.145  000.145: require('kickstart.plugins.indent_line')
009.443  000.139  000.139: require('kickstart.plugins.lint')
009.579  000.135  000.135: require('kickstart.plugins.autopairs')
009.718  000.139  000.139: require('kickstart.plugins.neo-tree')
009.736  000.011  000.011: require('ffi')
009.773  000.025  000.025: require('vim.fs')
009.962  000.187  000.187: require('vim.uri')
009.974  000.236  000.025: require('vim.loader')
010.442  000.457  000.457: require('lazy.stats')
010.667  000.209  000.209: require('lazy.core.util')
010.870  000.201  000.201: require('lazy.core.config')
011.239  000.171  000.171: require('lazy.core.handler')
011.762  000.173  000.173: require('lazy.pkg')
011.764  000.349  000.175: require('lazy.core.meta')
011.767  000.527  000.178: require('lazy.core.plugin')
011.770  000.899  000.200: require('lazy.core.loader')
012.050  000.185  000.185: require('lazy.core.fragments')
015.367  000.199  000.199: require('lazy.core.handler.event')
015.370  000.408  000.209: require('lazy.core.handler.ft')
015.558  000.186  000.186: require('lazy.core.handler.cmd')
015.725  000.163  000.163: require('lazy.core.handler.keys')
016.388  000.178  000.178: sourcing /home/hshayde/.local/share/nvim/lazy/rust.vim/ftdetect/rust.vim
017.652  000.244  000.244: require('dap.utils')
017.683  001.213  000.969: require('dap')
018.648  000.170  000.170: require('nio.tasks')
018.818  000.167  000.167: require('nio.control')
019.302  000.166  000.166: require('vim.health')
019.305  000.321  000.155: require('vim.deprecated.health')
019.604  000.244  000.244: require('vim.iter')
020.609  001.790  001.225: require('nio.uv')
020.842  000.232  000.232: require('nio.tests')
021.215  000.181  000.181: require('vim.ui')
021.262  000.415  000.234: require('nio.ui')
021.602  000.128  000.128: require('nio.streams')
021.605  000.341  000.213: require('nio.file')
021.902  000.099  000.099: require('nio.util')
021.922  000.229  000.130: require('nio.logger')
021.943  000.338  000.109: require('nio.lsp')
022.053  000.109  000.109: require('nio.process')
022.091  003.963  000.400: require('nio')
022.558  000.116  000.116: require('dapui.config.highlights')
022.637  000.363  000.247: require('dapui.config')
022.640  000.455  000.092: require('dapui.util')
022.806  000.165  000.165: require('dapui.windows.layout')
022.809  000.717  000.097: require('dapui.windows')
022.924  000.114  000.114: require('dapui.controls')
022.927  005.243  000.450: require('dapui')
023.184  000.177  000.177: sourcing /usr/share/nvim/runtime/filetype.lua
024.550  000.378  000.378: require('kanagawa')
024.696  000.144  000.144: require('kanagawa.utils')
024.850  000.149  000.149: require('kanagawa.colors')
025.358  000.171  000.171: require('kanagawa.lib.hsluv')
025.361  000.323  000.152: require('kanagawa.lib.color')
025.362  000.498  000.175: require('kanagawa.themes')
025.564  000.192  000.192: require('kanagawa.highlights')
025.677  000.111  000.111: require('kanagawa.highlights.editor')
025.801  000.104  000.104: require('kanagawa.highlights.syntax')
025.943  000.133  000.133: require('kanagawa.highlights.treesitter')
026.068  000.114  000.114: require('kanagawa.highlights.lsp')
026.233  000.157  000.157: require('kanagawa.highlights.plugins')
026.701  002.659  000.679: sourcing /home/hshayde/.local/share/nvim/lazy/kanagawa/colors/kanagawa-wave.vim
028.212  000.261  000.261: require('nvim-treesitter.utils')
030.115  000.152  000.152: require('vim.treesitter.language')
030.294  000.176  000.176: require('vim.func')
030.466  000.169  000.169: require('vim.func._memoize')
030.476  000.697  000.200: require('vim.treesitter.query')
030.644  000.167  000.167: require('vim.treesitter._range')
030.650  001.075  000.211: require('vim.treesitter.languagetree')
030.653  001.986  000.910: require('vim.treesitter')
030.905  002.691  000.705: require('nvim-treesitter.parsers')
031.273  000.077  000.077: require('nvim-treesitter.compat')
031.453  000.092  000.092: require('nvim-treesitter.ts_utils')
031.456  000.182  000.089: require('nvim-treesitter.tsrange')
031.571  000.114  000.114: require('nvim-treesitter.caching')
031.576  000.472  000.099: require('nvim-treesitter.query')
031.583  000.573  000.101: require('nvim-treesitter.configs')
031.584  000.678  000.105: require('nvim-treesitter.info')
031.683  000.098  000.098: require('nvim-treesitter.shell_command_selectors')
031.694  003.981  000.253: require('nvim-treesitter.install')
031.786  000.091  000.091: require('nvim-treesitter.statusline')
031.879  000.092  000.092: require('nvim-treesitter.query_predicates')
031.881  004.585  000.420: require('nvim-treesitter')
032.068  004.950  000.365: sourcing /home/hshayde/.local/share/nvim/lazy/nvim-treesitter/plugin/nvim-treesitter.lua
032.720  000.094  000.094: require('nvim-treesitter.highlight')
032.828  000.094  000.094: require('nvim-treesitter.indent')
033.490  000.164  000.164: require('toggleterm.lazy')
033.650  000.158  000.158: require('toggleterm.constants')
033.869  000.217  000.217: require('toggleterm.terminal')
033.873  000.799  000.261: require('toggleterm')
034.249  000.143  000.143: require('toggleterm.colors')
034.421  000.170  000.170: require('toggleterm.utils')
034.425  000.552  000.239: require('toggleterm.config')
034.608  000.166  000.166: require('vim.version')
035.602  000.214  000.214: require('toggleterm.commandline')
036.371  000.196  000.196: require('lualine_require')
036.807  001.123  000.927: require('lualine')
043.471  000.168  000.168: require('mason-core.path')
043.848  000.189  000.189: require('mason-core.functional')
044.173  000.165  000.165: require('mason-core.functional.data')
044.180  000.326  000.162: require('mason-core.functional.function')
044.356  000.169  000.169: require('mason-core.functional.relation')
044.479  000.100  000.100: require('mason-core.functional.logic')
044.485  001.012  000.228: require('mason-core.platform')
044.588  000.102  000.102: require('mason.settings')
044.590  001.586  000.304: require('mason')
044.805  000.097  000.097: require('mason-core.functional.list')
044.898  000.090  000.090: require('mason-core.functional.string')
044.913  000.297  000.111: require('mason.api.command')
045.044  000.126  000.126: require('mason-registry.sources')
045.557  000.204  000.204: sourcing /home/hshayde/.local/share/nvim/lazy/nvim-dap/plugin/dap.lua
046.308  000.119  000.119: require('mason-core.log')
046.311  000.740  000.621: require('mason-nvim-dap')
046.463  000.151  000.151: require('mason-nvim-dap.settings')
046.842  000.085  000.085: require('mason-core.EventEmitter')
046.928  000.084  000.084: require('mason-core.optional')
047.109  000.102  000.102: require('mason-core.async')
047.196  000.085  000.085: require('mason-core.async.uv')
047.199  000.270  000.083: require('mason-core.fs')
047.209  000.538  000.099: require('mason-registry')
047.458  000.098  000.098: require('mason-core.functional.table')
047.463  000.253  000.155: require('mason-nvim-dap.mappings.source')
047.464  000.964  000.173: require('mason-nvim-dap.ensure_installed')
047.900  000.168  000.168: require('mason-core.result')
048.374  000.186  000.186: require('mason-core.process')
048.650  000.275  000.275: require('mason-core.spawn')
048.653  000.602  000.142: require('mason-core.managers.powershell')
048.805  000.151  000.151: require('mason.version')
048.806  000.904  000.151: require('mason-core.fetch')
048.959  000.152  000.152: require('mason-core.providers')
049.445  000.185  000.185: require('mason-core.purl')
049.450  000.341  000.156: require('mason-core.package')
049.851  000.092  000.092: require('mason-core.installer.registry.expr')
049.856  000.192  000.100: require('mason-core.installer.registry.link')
050.271  000.087  000.087: require('mason-core.receipt')
050.285  000.185  000.099: require('mason-core.installer.context')
050.396  000.109  000.109: require('mason-core.async.control')
050.506  000.107  000.107: require('mason-core.installer.linker')
050.508  000.502  000.100: require('mason-core.installer')
050.516  000.587  000.085: require('mason-core.installer.managers.std')
050.517  000.660  000.073: require('mason-core.installer.registry.schemas')
050.611  000.093  000.093: require('mason-core.installer.registry.util')
050.617  001.166  000.220: require('mason-core.installer.registry')
050.618  001.658  000.151: require('mason-registry.sources.util')
050.623  003.155  000.273: require('mason-registry.sources.github')
052.905  000.158  000.158: require('mason-nvim-dap.automatic_installation')
053.082  000.174  000.174: require('mason-core.notify')
053.412  000.153  000.153: require('mason-nvim-dap.mappings.adapters')
053.661  000.247  000.247: require('mason-nvim-dap.mappings.filetypes')
056.472  000.210  000.210: require('mason-core.functional.type')
106.107  052.444  052.235: require('mason-nvim-dap.mappings.configurations')
106.404  000.287  000.287: require('mason-nvim-dap.mappings.adapters.delve')
106.614  000.206  000.206: require('mason-nvim-dap.automatic_setup')
106.988  000.360  000.360: require('mason-nvim-dap.mappings.adapters.codelldb')
107.192  000.194  000.194: require('dap.ext.vscode')
107.604  000.182  000.182: require('mason-core.functional.number')
107.625  000.404  000.221: require('mason-nvim-dap.api.command')
108.176  000.189  000.189: require('dapui.client.types')
108.179  000.381  000.192: require('dapui.client')
108.363  000.183  000.183: require('dap.breakpoints')
108.603  000.200  000.200: require('dapui.client.lib')
108.949  000.170  000.170: require('dapui.render.canvas')
108.951  000.342  000.171: require('dapui.elements.breakpoints')
109.251  000.259  000.259: require('dapui.components.breakpoints')
109.352  000.090  000.090: require('dapui.elements.repl')
109.448  000.093  000.093: require('dapui.elements.scopes')
109.567  000.086  000.086: require('dapui.components.scopes')
109.656  000.088  000.088: require('dapui.components.variables')
109.747  000.084  000.084: require('dapui.elements.stacks')
109.952  000.083  000.083: require('dapui.components.frames')
109.953  000.173  000.090: require('dapui.components.threads')
110.043  000.083  000.083: require('dapui.elements.watches')
110.188  000.092  000.092: require('dapui.components.watches')
110.291  000.096  000.096: require('dapui.elements.hover')
110.424  000.086  000.086: require('dapui.components.hover')
110.512  000.086  000.086: require('dapui.elements.console')
111.697  000.504  000.504: require('mason-tool-installer')
111.715  000.690  000.186: sourcing /home/hshayde/.local/share/nvim/lazy/mason-tool-installer.nvim/plugin/mason-tool-installer.lua
113.499  000.160  000.160: require('fidget.spinner.patterns')
113.502  000.318  000.158: require('fidget.spinner')
113.667  000.164  000.164: require('fidget.options')
113.670  000.658  000.176: require('fidget.progress.display')
113.929  000.091  000.091: require('fidget.logger')
114.172  000.103  000.103: require('vim.lsp.log')
114.357  000.183  000.183: require('vim.lsp.protocol')
114.563  000.203  000.203: require('vim.lsp.util')
114.757  000.091  000.091: require('vim.lsp.sync')
114.761  000.195  000.104: require('vim.lsp._changetracking')
114.889  000.127  000.127: require('vim.lsp.rpc')
114.906  000.974  000.164: require('vim.lsp')
115.130  000.109  000.109: require('vim.lsp.completion')
115.141  000.234  000.125: require('vim.lsp.handlers')
115.144  001.473  000.173: require('fidget.progress.lsp')
115.524  000.094  000.094: require('fidget.poll')
115.526  000.186  000.092: require('fidget.notification.model')
115.622  000.095  000.095: require('fidget.notification.window')
115.735  000.112  000.112: require('fidget.notification.view')
115.741  000.504  000.112: require('fidget.notification')
115.743  000.598  000.094: require('fidget.progress.handle')
115.747  002.902  000.174: require('fidget.progress')
115.857  000.109  000.109: require('fidget.commands')
116.033  000.086  000.086: require('fidget.integration.nvim-tree')
116.121  000.086  000.086: require('fidget.integration.xcodebuild-nvim')
116.123  000.264  000.092: require('fidget.integration')
116.125  004.028  000.752: require('fidget')
122.016  000.208  000.208: require('lspconfig.util')
122.029  000.406  000.199: sourcing /home/hshayde/.local/share/nvim/lazy/nvim-lspconfig/plugin/lspconfig.lua
122.512  000.165  000.165: require('cmp_nvim_lsp.source')
122.515  000.452  000.287: require('cmp_nvim_lsp')
122.958  000.162  000.162: require('mason-lspconfig.settings')
122.960  000.349  000.187: require('mason-lspconfig')
123.381  000.152  000.152: require('mason-lspconfig.notify')
123.385  000.318  000.166: require('mason-lspconfig.lspconfig_hook')
123.575  000.190  000.190: require('mason-lspconfig.mappings.server')
123.733  000.156  000.156: require('mason-lspconfig.server_config_extensions')
124.053  000.135  000.135: require('lspconfig.async')
124.054  000.320  000.185: require('lspconfig.configs')
124.240  000.185  000.185: require('lspconfig.configs.omnisharp')
124.495  000.190  000.190: require('mason-lspconfig.api.command')
124.672  000.153  000.153: require('lspconfig')
124.852  000.178  000.178: require('lspconfig.configs.lua_ls')
125.530  000.200  000.200: require('lspconfig.manager')
125.718  000.168  000.168: require('lspconfig.configs.pyright')
126.257  000.163  000.163: require('lspconfig.configs.gopls')
139.341  000.340  000.340: require('rustaceanvim.config')
139.858  000.457  000.457: require('mini.ai')
140.370  000.417  000.417: require('mini.animate')
140.758  000.262  000.262: require('mini.starter')
140.974  000.170  000.170: require('mini.cursorword')
141.547  000.164  000.164: require('bufferline.lazy')
141.766  000.215  000.215: require('bufferline.commands')
141.996  000.212  000.212: require('bufferline.config')
141.999  000.937  000.346: require('bufferline')
142.355  000.164  000.164: require('bufferline.utils')
142.357  000.355  000.192: require('bufferline.groups')
142.562  000.178  000.178: require('bufferline.constants')
142.746  000.180  000.180: require('bufferline.colors')
142.991  000.194  000.194: require('bufferline.highlights')
143.751  000.515  000.515: require('bufferline.hover')
144.054  000.239  000.239: require('bufferline.ui')
144.877  000.176  000.176: require('ibl.utils')
144.881  000.339  000.164: require('ibl.config')
145.240  000.200  000.200: require('ibl.indent')
145.244  000.362  000.162: require('ibl.hooks')
145.245  000.851  000.150: require('ibl.highlights')
145.395  000.149  000.149: require('ibl.autocmds')
145.558  000.162  000.162: require('ibl.inlay_hints')
145.753  000.193  000.193: require('ibl.virt_text')
146.289  000.354  000.354: require('ibl.scope_languages')
146.291  000.536  000.182: require('ibl.scope')
146.295  002.183  000.291: require('ibl')
147.043  000.172  000.172: require('multicursor-nvim.feedkeys-manager')
147.500  000.171  000.171: require('multicursor-nvim.term-codes')
147.661  000.159  000.159: require('multicursor-nvim.tbl')
147.811  000.149  000.149: require('multicursor-nvim.util')
147.823  000.777  000.299: require('multicursor-nvim.cursor-manager')
148.136  000.147  000.147: require('multicursor-nvim.snippet-manager')
148.139  000.316  000.169: require('multicursor-nvim.input-manager')
148.141  001.417  000.152: require('multicursor-nvim.core')
148.283  000.141  000.141: require('multicursor-nvim.examples')
148.295  001.872  000.314: require('multicursor-nvim')
148.545  000.127  000.127: require('vim.lsp._snippet_grammar')
148.552  000.247  000.120: require('vim.snippet')
149.085  000.152  000.152: require('gitsigns.async')
149.251  000.164  000.164: require('gitsigns.debug.log')
149.450  000.197  000.197: require('gitsigns.config')
149.452  000.801  000.288: require('gitsigns')
149.716  000.196  000.196: require('gitsigns.highlight')
150.127  000.247  000.247: require('gitsigns.debounce')
150.840  000.515  000.515: sourcing /home/hshayde/.local/share/nvim/lazy/vim-sleuth/plugin/sleuth.vim
151.248  000.169  000.169: sourcing /usr/share/nvim/runtime/plugin/editorconfig.lua
151.483  000.218  000.218: sourcing /usr/share/nvim/runtime/plugin/gzip.vim
151.659  000.161  000.161: sourcing /usr/share/nvim/runtime/plugin/man.lua
152.464  000.275  000.275: sourcing /usr/share/nvim/runtime/pack/dist/opt/matchit/plugin/matchit.vim
152.477  000.803  000.528: sourcing /usr/share/nvim/runtime/plugin/matchit.vim
152.700  000.207  000.207: sourcing /usr/share/nvim/runtime/plugin/matchparen.vim
153.017  000.302  000.302: sourcing /usr/share/nvim/runtime/plugin/netrwPlugin.vim
153.209  000.174  000.174: sourcing /usr/share/nvim/runtime/plugin/osc52.lua
153.444  000.218  000.218: sourcing /usr/share/nvim/runtime/plugin/rplugin.vim
153.630  000.168  000.168: sourcing /usr/share/nvim/runtime/plugin/shada.vim
153.788  000.139  000.139: sourcing /usr/share/nvim/runtime/plugin/spellfile.vim
153.994  000.190  000.190: sourcing /usr/share/nvim/runtime/plugin/tarPlugin.vim
154.193  000.177  000.177: sourcing /usr/share/nvim/runtime/plugin/tohtml.lua
154.369  000.154  000.154: sourcing /usr/share/nvim/runtime/plugin/tutor.vim
154.614  000.221  000.221: sourcing /usr/share/nvim/runtime/plugin/zipPlugin.vim
155.055  000.189  000.189: sourcing /home/hshayde/.local/share/nvim/lazy/indent-blankline.nvim/after/plugin/commands.lua
155.418  000.165  000.165: sourcing /home/hshayde/.local/share/nvim/lazy/cmp-nvim-lsp/after/plugin/cmp_nvim_lsp.lua
155.450  149.135  039.311: require('lazy-plugins')
155.451  150.890  000.162: sourcing /home/hshayde/.config/nvim/init.lua
155.454  000.063: sourcing vimrc file(s)
155.689  000.017  000.017: sourcing /usr/share/nvim/runtime/filetype.lua
156.108  000.158  000.158: sourcing /usr/share/nvim/runtime/syntax/synload.vim
156.149  000.428  000.270: sourcing /usr/share/nvim/runtime/syntax/syntax.vim
156.155  000.257: inits 3
158.473  002.318: reading ShaDa
158.875  000.402: opening buffers
159.056  000.158  000.158: require('bufferline.state')
159.076  000.043: BufEnter autocommands
159.077  000.002: editing files in windows
159.613  000.152  000.152: sourcing /home/hshayde/.local/share/nvim/lazy/plenary.nvim/plugin/plenary.vim
160.353  000.141  000.141: sourcing /home/hshayde/.local/share/nvim/lazy/nvim-web-devicons/plugin/nvim-web-devicons.vim
160.809  000.245  000.245: sourcing /home/hshayde/.local/share/nvim/lazy/telescope.nvim/plugin/telescope.lua
161.287  000.160  000.160: require('telescope._extensions')
161.289  000.466  000.305: require('telescope')
161.443  000.153  000.153: require('telescope.themes')
162.295  000.169  000.169: require('plenary.bit')
162.411  000.114  000.114: require('plenary.functional')
162.426  000.507  000.225: require('plenary.path')
162.433  000.706  000.199: require('plenary.strings')
162.542  000.108  000.108: require('telescope.deprecated')
162.906  000.127  000.127: require('plenary.log')
162.916  000.248  000.121: require('telescope.log')
163.354  000.121  000.121: require('plenary.compat')
163.360  000.288  000.168: require('plenary.job')
163.473  000.111  000.111: require('telescope.state')
163.483  000.567  000.167: require('telescope.utils')
163.487  000.944  000.129: require('telescope.sorters')
164.301  002.854  001.096: require('telescope.config')
165.222  000.449  000.449: require('fzf_lib')
165.226  000.571  000.122: require('telescope._extensions.fzf')
165.372  000.142  000.142: require('telescope._extensions.ui-select')
166.115  000.092  000.092: require('plenary.tbl')
166.117  000.187  000.095: require('plenary.vararg.rotate')
166.118  000.283  000.096: require('plenary.vararg')
166.211  000.093  000.093: require('plenary.errors')
166.214  000.477  000.101: require('plenary.async.async')
166.895  000.227  000.227: require('plenary.async.structs')
166.908  000.405  000.177: require('plenary.async.control')
166.914  000.604  000.199: require('plenary.async.util')
166.916  000.701  000.097: require('plenary.async.tests')
166.919  001.343  000.165: require('plenary.async')
167.231  000.147  000.147: require('plenary.window.border')
167.343  000.109  000.109: require('plenary.window')
167.435  000.090  000.090: require('plenary.popup.utils')
167.437  000.516  000.170: require('plenary.popup')
167.931  000.260  000.260: require('telescope.pickers.scroller')
168.131  000.198  000.198: require('telescope.actions.state')
168.385  000.253  000.253: require('telescope.actions.utils')
168.821  000.211  000.211: require('telescope.actions.mt')
168.830  000.443  000.232: require('telescope.actions.set')
169.173  000.174  000.174: require('telescope.config.resolve')
169.175  000.344  000.171: require('telescope.pickers.entry_display')
169.280  000.104  000.104: require('telescope.from_entry')
169.446  002.009  000.407: require('telescope.actions')
169.576  000.128  000.128: require('telescope.debounce')
169.760  000.181  000.181: require('telescope.mappings')
169.955  000.193  000.193: require('telescope.pickers.highlights')
170.134  000.177  000.177: require('telescope.pickers.window')
170.485  000.172  000.172: require('telescope.algos.linked_list')
170.488  000.353  000.180: require('telescope.entry_manager')
170.672  000.183  000.183: require('telescope.pickers.multi')
170.682  005.307  000.224: require('telescope.pickers')
171.496  000.533  000.533: require('telescope.make_entry')
171.781  000.284  000.284: require('telescope.finders.async_static_finder')
172.413  000.199  000.199: require('plenary.class')
172.439  000.470  000.271: require('telescope._')
172.441  000.658  000.188: require('telescope.finders.async_oneshot_finder')
172.666  000.225  000.225: require('telescope.finders.async_job_finder')
172.682  001.999  000.299: require('telescope.finders')
173.124  000.431  000.431: require('telescope.builtin')
173.624  000.156  000.156: sourcing /home/hshayde/.local/share/nvim/lazy/which-key.nvim/plugin/which-key.lua
174.160  000.494  000.494: require('which-key')
174.328  000.166  000.166: require('which-key.config')
174.768  000.175  000.175: sourcing /home/hshayde/.local/share/nvim/lazy/todo-comments.nvim/plugin/todo.vim
175.378  000.144  000.144: require('todo-comments.util')
175.390  000.291  000.146: require('todo-comments.config')
175.658  000.152  000.152: require('todo-comments.highlight')
175.660  000.255  000.103: require('todo-comments.jump')
175.662  000.850  000.305: require('todo-comments')
175.901  000.104  000.104: require('vim.treesitter.highlighter')
192.012  018.527: VimEnter autocommands
192.036  000.024: UIEnter autocommands
192.037  000.001: before starting main loop
192.313  000.277: first screen update
192.314  000.001: --- NVIM STARTED ---

--- Startup times for process: Primary (or UI client) ---

times in msec
 clock   self+sourced   self:  sourced script
 clock   elapsed:              other lines

000.000  000.000: --- NVIM STARTING ---
000.091  000.090: event init
000.152  000.061: early init
000.257  000.105: locale set
000.298  000.041: init first window
000.515  000.218: inits 1
000.518  000.003: window checked
000.520  000.002: parsing arguments
000.817  000.019  000.019: require('vim.shared')
000.862  000.019  000.019: require('vim.inspect')
000.882  000.017  000.017: require('vim._options')
000.883  000.064  000.028: require('vim._editor')
000.883  000.112  000.029: require('vim._init_packages')
000.884  000.253: init lua interpreter
001.762  000.877: nvim_ui_attach
001.993  000.232: nvim_set_client_info
001.995  000.001: --- NVIM STARTED ---

--- Startup times for process: Embedded ---

times in msec
 clock   self+sourced   self:  sourced script
 clock   elapsed:              other lines

000.000  000.000: --- NVIM STARTING ---
000.055  000.055: event init
000.095  000.040: early init
000.181  000.086: locale set
000.201  000.020: init first window
000.367  000.166: inits 1
000.374  000.006: window checked
000.375  000.001: parsing arguments
000.603  000.016  000.016: require('vim.shared')
000.642  000.018  000.018: require('vim.inspect')
000.663  000.018  000.018: require('vim._options')
000.664  000.060  000.024: require('vim._editor')
000.665  000.101  000.024: require('vim._init_packages')
000.665  000.190: init lua interpreter
000.688  000.023: expanding arguments
000.697  000.009: inits 2
000.882  000.185: init highlight
000.883  000.001: waiting for UI
000.952  000.070: done waiting for UI
000.959  000.007: clear screen
001.015  000.004  000.004: require('vim.keymap')
001.657  000.256  000.256: require('vim.termcap')
001.687  000.024  000.024: require('vim.text')
001.732  000.771  000.487: require('vim._defaults')
001.733  000.003: init default mappings & autocommands
001.778  000.029  000.029: sourcing /usr/share/nvim/runtime/ftplugin.vim
001.805  000.013  000.013: sourcing /usr/share/nvim/runtime/indent.vim
001.965  000.113  000.113: require('options')
002.560  000.003  000.003: require('vim.F')
002.576  000.557  000.554: require('vim.diagnostic')
002.638  000.672  000.115: require('keymaps')
002.684  000.045  000.045: require('lazy-bootstrap')
002.934  000.053  000.053: require('lazy')
002.970  000.035  000.035: require('kickstart/plugins/gitsigns')
002.999  000.028  000.028: require('kickstart/plugins/which-key')
003.047  000.048  000.048: require('kickstart/plugins/telescope')
003.119  000.071  000.071: require('kickstart/plugins/lspconfig')
003.143  000.024  000.024: require('kickstart/plugins/conform')
003.194  000.050  000.050: require('kickstart/plugins/cmp')
003.207  000.012  000.012: require('kickstart/plugins/tokyonight')
003.220  000.012  000.012: require('kickstart/plugins/rosepine')
003.234  000.013  000.013: require('kickstart/plugins/kanagawa-theme')
003.247  000.013  000.013: require('kickstart/plugins/todo-comments')
003.260  000.013  000.013: require('kickstart/plugins/mini')
003.278  000.018  000.018: require('kickstart/plugins/treesitter')
003.315  000.036  000.036: require('kickstart.plugins.debug')
003.327  000.011  000.011: require('kickstart.plugins.indent_line')
003.347  000.020  000.020: require('kickstart.plugins.lint')
003.363  000.015  000.015: require('kickstart.plugins.autopairs')
003.388  000.024  000.024: require('kickstart.plugins.neo-tree')
003.404  000.011  000.011: require('ffi')
003.441  000.022  000.022: require('vim.fs')
003.509  000.067  000.067: require('vim.uri')
003.519  000.113  000.024: require('vim.loader')
003.742  000.213  000.213: require('lazy.stats')
003.821  000.067  000.067: require('lazy.core.util')
003.892  000.069  000.069: require('lazy.core.config')
003.975  000.033  000.033: require('lazy.core.handler')
004.105  000.062  000.062: require('lazy.pkg')
004.108  000.104  000.042: require('lazy.core.meta')
004.112  000.136  000.032: require('lazy.core.plugin')
004.115  000.222  000.054: require('lazy.core.loader')
004.262  000.032  000.032: require('lazy.core.fragments')
005.474  000.037  000.037: require('lazy.core.handler.event')
005.476  000.067  000.031: require('lazy.core.handler.ft')
005.560  000.082  000.082: require('lazy.core.handler.cmd')
005.616  000.054  000.054: require('lazy.core.handler.keys')
005.964  000.019  000.019: sourcing /home/hshayde/.local/share/nvim/lazy/rust.vim/ftdetect/rust.vim
006.228  000.036  000.036: require('dap.utils')
006.257  000.257  000.222: require('dap')
006.509  000.036  000.036: require('nio.tasks')
006.536  000.026  000.026: require('nio.control')
006.624  000.048  000.048: require('vim.health')
006.625  000.063  000.015: require('vim.deprecated.health')
006.762  000.034  000.034: require('vim.iter')
007.867  001.330  001.233: require('nio.uv')
007.908  000.039  000.039: require('nio.tests')
007.952  000.017  000.017: require('vim.ui')
007.987  000.078  000.061: require('nio.ui')
008.057  000.036  000.036: require('nio.streams')
008.058  000.071  000.035: require('nio.file')
008.118  000.016  000.016: require('nio.util')
008.134  000.051  000.035: require('nio.logger')
008.151  000.093  000.041: require('nio.lsp')
008.171  000.019  000.019: require('nio.process')
008.200  001.792  000.100: require('nio')
008.373  000.040  000.040: require('dapui.config.highlights')
008.452  000.196  000.156: require('dapui.config')
008.455  000.229  000.033: require('dapui.util')
008.524  000.068  000.068: require('dapui.windows.layout')
008.526  000.325  000.027: require('dapui.windows')
008.564  000.037  000.037: require('dapui.controls')
008.566  002.309  000.155: require('dapui')
008.685  000.043  000.043: sourcing /usr/share/nvim/runtime/filetype.lua
009.183  000.041  000.041: require('kanagawa')
009.202  000.017  000.017: require('kanagawa.utils')
009.224  000.018  000.018: require('kanagawa.colors')
009.296  000.028  000.028: require('kanagawa.lib.hsluv')
009.299  000.047  000.019: require('kanagawa.lib.color')
009.299  000.070  000.023: require('kanagawa.themes')
009.342  000.019  000.019: require('kanagawa.highlights')
009.370  000.028  000.028: require('kanagawa.highlights.editor')
009.405  000.017  000.017: require('kanagawa.highlights.syntax')
009.448  000.037  000.037: require('kanagawa.highlights.treesitter')
009.484  000.027  000.027: require('kanagawa.highlights.lsp')
009.560  000.072  000.072: require('kanagawa.highlights.plugins')
010.035  000.900  000.553: sourcing /home/hshayde/.local/share/nvim/lazy/kanagawa/colors/kanagawa-wave.vim
010.520  000.062  000.062: require('nvim-treesitter.utils')
011.187  000.029  000.029: require('vim.treesitter.language')
011.213  000.024  000.024: require('vim.func')
011.252  000.037  000.037: require('vim.func._memoize')
011.259  000.124  000.034: require('vim.treesitter.query')
011.276  000.016  000.016: require('vim.treesitter._range')
011.288  000.182  000.041: require('vim.treesitter.languagetree')
011.291  000.603  000.421: require('vim.treesitter')
011.527  001.006  000.403: require('nvim-treesitter.parsers')
011.604  000.014  000.014: require('nvim-treesitter.compat')
011.639  000.020  000.020: require('nvim-treesitter.ts_utils')
011.641  000.037  000.017: require('nvim-treesitter.tsrange')
011.655  000.013  000.013: require('nvim-treesitter.caching')
011.658  000.086  000.023: require('nvim-treesitter.query')
011.664  000.115  000.029: require('nvim-treesitter.configs')
011.665  000.137  000.022: require('nvim-treesitter.info')
011.687  000.022  000.022: require('nvim-treesitter.shell_command_selectors')
011.696  001.300  000.074: require('nvim-treesitter.install')
011.710  000.013  000.013: require('nvim-treesitter.statusline')
011.728  000.018  000.018: require('nvim-treesitter.query_predicates')
011.729  001.442  000.111: require('nvim-treesitter')
011.912  001.646  000.204: sourcing /home/hshayde/.local/share/nvim/lazy/nvim-treesitter/plugin/nvim-treesitter.lua
012.510  000.022  000.022: require('nvim-treesitter.highlight')
012.540  000.020  000.020: require('nvim-treesitter.indent')
012.697  000.017  000.017: sourcing /home/hshayde/.local/share/nvim/lazy/nvim-web-devicons/plugin/nvim-web-devicons.vim
012.814  000.016  000.016: sourcing /home/hshayde/.local/share/nvim/lazy/plenary.nvim/plugin/plenary.vim
012.948  000.119  000.119: require('alpha.themes.dashboard')
012.984  000.033  000.033: require('alpha')
013.330  000.022  000.022: require('lualine_require')
013.456  000.296  000.274: require('lualine')
016.148  000.031  000.031: require('mason-core.path')
016.529  000.079  000.079: require('mason-core.functional')
016.611  000.024  000.024: require('mason-core.functional.data')
016.614  000.077  000.054: require('mason-core.functional.function')
016.645  000.025  000.025: require('mason-core.functional.relation')
016.674  000.024  000.024: require('mason-core.functional.logic')
016.679  000.529  000.324: require('mason-core.platform')
016.723  000.030  000.030: require('mason.settings')
016.724  000.910  000.320: require('mason')
016.829  000.045  000.045: require('mason-core.functional.list')
016.861  000.030  000.030: require('mason-core.functional.string')
016.871  000.127  000.053: require('mason.api.command')
016.915  000.040  000.040: require('mason-registry.sources')
017.154  000.062  000.062: sourcing /home/hshayde/.local/share/nvim/lazy/nvim-dap/plugin/dap.lua
017.421  000.053  000.053: require('mason-core.log')
017.424  000.259  000.206: require('mason-nvim-dap')
017.448  000.023  000.023: require('mason-nvim-dap.settings')
017.560  000.027  000.027: require('mason-core.EventEmitter')
017.586  000.025  000.025: require('mason-core.optional')
017.695  000.082  000.082: require('mason-core.async')
017.727  000.030  000.030: require('mason-core.async.uv')
017.731  000.145  000.032: require('mason-core.fs')
017.745  000.242  000.045: require('mason-registry')
017.821  000.042  000.042: require('mason-core.functional.table')
017.824  000.079  000.037: require('mason-nvim-dap.mappings.source')
017.829  000.356  000.036: require('mason-nvim-dap.ensure_installed')
017.961  000.083  000.083: require('mason-core.result')
018.168  000.094  000.094: require('mason-core.process')
018.247  000.079  000.079: require('mason-core.spawn')
018.249  000.239  000.066: require('mason-core.managers.powershell')
018.265  000.015  000.015: require('mason.version')
018.266  000.304  000.050: require('mason-core.fetch')
018.282  000.016  000.016: require('mason-core.providers')
018.360  000.041  000.041: require('mason-core.purl')
018.365  000.069  000.028: require('mason-core.package')
018.427  000.020  000.020: require('mason-core.installer.registry.expr')
018.431  000.044  000.024: require('mason-core.installer.registry.link')
018.528  000.018  000.018: require('mason-core.receipt')
018.537  000.049  000.031: require('mason-core.installer.context')
018.555  000.018  000.018: require('mason-core.async.control')
018.574  000.018  000.018: require('mason-core.installer.linker')
018.576  000.109  000.025: require('mason-core.installer')
018.582  000.135  000.026: require('mason-core.installer.managers.std')
018.582  000.151  000.016: require('mason-core.installer.registry.schemas')
018.598  000.015  000.015: require('mason-core.installer.registry.util')
018.602  000.236  000.026: require('mason-core.installer.registry')
018.603  000.320  000.015: require('mason-registry.sources.util')
018.607  000.775  000.052: require('mason-registry.sources.github')
020.811  000.021  000.021: require('mason-nvim-dap.automatic_installation')
020.829  000.014  000.014: require('mason-core.notify')
020.886  000.018  000.018: require('mason-nvim-dap.mappings.adapters')
020.903  000.016  000.016: require('mason-nvim-dap.mappings.filetypes')
022.344  000.028  000.028: require('mason-core.functional.type')
070.936  050.032  050.004: require('mason-nvim-dap.mappings.configurations')
071.010  000.066  000.066: require('mason-nvim-dap.mappings.adapters.delve')
071.041  000.029  000.029: require('mason-nvim-dap.automatic_setup')
071.083  000.035  000.035: require('mason-nvim-dap.mappings.adapters.codelldb')
071.136  000.047  000.047: require('dap.ext.vscode')
071.204  000.023  000.023: require('mason-core.functional.number')
071.221  000.079  000.056: require('mason-nvim-dap.api.command')
071.507  000.069  000.069: require('dapui.client.types')
071.512  000.113  000.044: require('dapui.client')
071.548  000.035  000.035: require('dap.breakpoints')
071.616  000.030  000.030: require('dapui.client.lib')
071.918  000.278  000.278: require('dapui.render.canvas')
071.919  000.298  000.020: require('dapui.elements.breakpoints')
072.092  000.060  000.060: require('dapui.components.breakpoints')
072.183  000.040  000.040: require('dapui.elements.repl')
072.256  000.064  000.064: require('dapui.elements.scopes')
072.658  000.129  000.129: require('dapui.components.scopes')
072.853  000.194  000.194: require('dapui.components.variables')
073.033  000.111  000.111: require('dapui.elements.stacks')
073.284  000.057  000.057: require('dapui.components.frames')
073.287  000.107  000.049: require('dapui.components.threads')
073.362  000.044  000.044: require('dapui.elements.watches')
073.540  000.052  000.052: require('dapui.components.watches')
073.561  000.015  000.015: require('dapui.elements.hover')
073.615  000.017  000.017: require('dapui.components.hover')
073.634  000.017  000.017: require('dapui.elements.console')
073.919  000.016  000.016: require('toggleterm.lazy')
073.934  000.014  000.014: require('toggleterm.constants')
073.978  000.043  000.043: require('toggleterm.terminal')
073.981  000.255  000.183: require('toggleterm')
074.016  000.016  000.016: require('toggleterm.colors')
074.034  000.017  000.017: require('toggleterm.utils')
074.037  000.056  000.023: require('toggleterm.config')
074.073  000.021  000.021: require('vim.version')
074.812  000.028  000.028: require('toggleterm.commandline')
075.284  000.151  000.151: require('mason-tool-installer')
075.292  000.178  000.027: sourcing /home/hshayde/.local/share/nvim/lazy/mason-tool-installer.nvim/plugin/mason-tool-installer.lua
075.581  000.023  000.023: require('fidget.spinner.patterns')
075.583  000.037  000.015: require('fidget.spinner')
075.598  000.013  000.013: require('fidget.options')
075.608  000.078  000.028: require('fidget.progress.display')
075.648  000.020  000.020: require('fidget.logger')
075.723  000.025  000.025: require('vim.lsp.log')
075.800  000.076  000.076: require('vim.lsp.protocol')
075.880  000.079  000.079: require('vim.lsp.util')
075.915  000.014  000.014: require('vim.lsp.sync')
075.917  000.035  000.021: require('vim.lsp._changetracking')
075.950  000.032  000.032: require('vim.lsp.rpc')
075.963  000.314  000.066: require('vim.lsp')
076.022  000.031  000.031: require('vim.lsp.completion')
076.028  000.064  000.033: require('vim.lsp.handlers')
076.031  000.422  000.023: require('fidget.progress.lsp')
076.099  000.018  000.018: require('fidget.poll')
076.100  000.036  000.018: require('fidget.notification.model')
076.122  000.021  000.021: require('fidget.notification.window')
076.149  000.027  000.027: require('fidget.notification.view')
076.159  000.113  000.030: require('fidget.notification')
076.160  000.129  000.016: require('fidget.progress.handle')
076.164  000.653  000.024: require('fidget.progress')
076.194  000.029  000.029: require('fidget.commands')
076.221  000.014  000.014: require('fidget.integration.nvim-tree')
076.236  000.015  000.015: require('fidget.integration.xcodebuild-nvim')
076.238  000.043  000.014: require('fidget.integration')
076.239  000.874  000.149: require('fidget')
076.864  000.045  000.045: require('lspconfig.util')
076.878  000.081  000.036: sourcing /home/hshayde/.local/share/nvim/lazy/nvim-lspconfig/plugin/lspconfig.lua
077.078  000.021  000.021: require('cmp_nvim_lsp.source')
077.080  000.158  000.137: require('cmp_nvim_lsp')
077.183  000.013  000.013: require('mason-lspconfig.settings')
077.185  000.036  000.023: require('mason-lspconfig')
077.270  000.012  000.012: require('mason-lspconfig.notify')
077.272  000.031  000.019: require('mason-lspconfig.lspconfig_hook')
077.337  000.065  000.065: require('mason-lspconfig.mappings.server')
077.353  000.014  000.014: require('mason-lspconfig.server_config_extensions')
077.389  000.014  000.014: require('lspconfig.async')
077.390  000.037  000.022: require('lspconfig.configs')
077.411  000.020  000.020: require('lspconfig.configs.omnisharp')
077.503  000.031  000.031: require('mason-lspconfig.api.command')
077.533  000.020  000.020: require('lspconfig')
077.549  000.015  000.015: require('lspconfig.configs.lua_ls')
077.718  000.022  000.022: require('lspconfig.manager')
077.746  000.017  000.017: require('lspconfig.configs.pyright')
077.948  000.019  000.019: require('lspconfig.configs.gopls')
090.195  000.160  000.160: require('rustaceanvim.config')
090.433  000.202  000.202: require('mini.ai')
090.599  000.083  000.083: require('mini.animate')
090.706  000.026  000.026: require('mini.cursorword')
090.990  000.029  000.029: require('ibl.utils')
091.020  000.080  000.051: require('ibl.config')
091.055  000.015  000.015: require('ibl.indent')
091.058  000.037  000.022: require('ibl.hooks')
091.059  000.140  000.024: require('ibl.highlights')
091.074  000.014  000.014: require('ibl.autocmds')
091.089  000.015  000.015: require('ibl.inlay_hints')
091.104  000.015  000.015: require('ibl.virt_text')
091.169  000.051  000.051: require('ibl.scope_languages')
091.170  000.065  000.015: require('ibl.scope')
091.173  000.397  000.148: require('ibl')
091.440  000.015  000.015: require('multicursor-nvim.feedkeys-manager')
091.546  000.020  000.020: require('multicursor-nvim.term-codes')
091.563  000.016  000.016: require('multicursor-nvim.tbl')
091.579  000.015  000.015: require('multicursor-nvim.util')
091.590  000.148  000.098: require('multicursor-nvim.cursor-manager')
091.626  000.016  000.016: require('multicursor-nvim.snippet-manager')
091.628  000.038  000.022: require('multicursor-nvim.input-manager')
091.630  000.221  000.021: require('multicursor-nvim.core')
091.676  000.045  000.045: require('multicursor-nvim.examples')
091.686  000.416  000.150: require('multicursor-nvim')
091.794  000.061  000.061: require('vim.lsp._snippet_grammar')
091.799  000.096  000.034: require('vim.snippet')
092.056  000.015  000.015: require('bufferline.lazy')
092.081  000.022  000.022: require('bufferline.commands')
092.121  000.037  000.037: require('bufferline.config')
092.122  000.247  000.173: require('bufferline')
092.182  000.025  000.025: require('bufferline.utils')
092.183  000.059  000.033: require('bufferline.groups')
092.213  000.016  000.016: require('bufferline.constants')
092.228  000.014  000.014: require('bufferline.colors')
092.432  000.026  000.026: require('bufferline.highlights')
093.057  000.388  000.388: require('bufferline.hover')
093.151  000.035  000.035: require('bufferline.ui')
093.446  000.026  000.026: require('gitsigns.async')
093.466  000.018  000.018: require('gitsigns.debug.log')
093.506  000.039  000.039: require('gitsigns.config')
093.507  000.285  000.202: require('gitsigns')
093.595  000.029  000.029: require('gitsigns.highlight')
093.763  000.019  000.019: require('gitsigns.debounce')
094.056  000.210  000.210: sourcing /home/hshayde/.local/share/nvim/lazy/vim-sleuth/plugin/sleuth.vim
094.153  000.023  000.023: sourcing /usr/share/nvim/runtime/plugin/editorconfig.lua
094.242  000.077  000.077: sourcing /usr/share/nvim/runtime/plugin/gzip.vim
094.273  000.020  000.020: sourcing /usr/share/nvim/runtime/plugin/man.lua
094.610  000.104  000.104: sourcing /usr/share/nvim/runtime/pack/dist/opt/matchit/plugin/matchit.vim
094.619  000.320  000.217: sourcing /usr/share/nvim/runtime/plugin/matchit.vim
094.705  000.065  000.065: sourcing /usr/share/nvim/runtime/plugin/matchparen.vim
094.863  000.142  000.142: sourcing /usr/share/nvim/runtime/plugin/netrwPlugin.vim
094.899  000.022  000.022: sourcing /usr/share/nvim/runtime/plugin/osc52.lua
094.985  000.074  000.074: sourcing /usr/share/nvim/runtime/plugin/rplugin.vim
095.026  000.028  000.028: sourcing /usr/share/nvim/runtime/plugin/shada.vim
095.047  000.008  000.008: sourcing /usr/share/nvim/runtime/plugin/spellfile.vim
095.100  000.041  000.041: sourcing /usr/share/nvim/runtime/plugin/tarPlugin.vim
095.130  000.018  000.018: sourcing /usr/share/nvim/runtime/plugin/tohtml.lua
095.151  000.009  000.009: sourcing /usr/share/nvim/runtime/plugin/tutor.vim
095.225  000.063  000.063: sourcing /usr/share/nvim/runtime/plugin/zipPlugin.vim
095.340  000.027  000.027: sourcing /home/hshayde/.local/share/nvim/lazy/indent-blankline.nvim/after/plugin/commands.lua
095.385  000.018  000.018: sourcing /home/hshayde/.local/share/nvim/lazy/cmp-nvim-lsp/after/plugin/cmp_nvim_lsp.lua
095.417  092.732  025.733: require('lazy-plugins')
095.418  093.586  000.024: sourcing /home/hshayde/.config/nvim/init.lua
095.420  000.059: sourcing vimrc file(s)
095.685  000.027  000.027: sourcing /usr/share/nvim/runtime/filetype.lua
095.832  000.033  000.033: sourcing /usr/share/nvim/runtime/syntax/synload.vim
095.871  000.151  000.117: sourcing /usr/share/nvim/runtime/syntax/syntax.vim
095.877  000.280: inits 3
097.084  001.207: reading ShaDa
097.172  000.088: opening buffers
097.221  000.025  000.025: require('bufferline.state')
097.232  000.036: BufEnter autocommands
097.234  000.002: editing files in windows
097.699  000.085  000.085: sourcing /home/hshayde/.local/share/nvim/lazy/telescope.nvim/plugin/telescope.lua
097.922  000.026  000.026: require('telescope._extensions')
097.925  000.215  000.189: require('telescope')
097.948  000.022  000.022: require('telescope.themes')
098.079  000.016  000.016: require('plenary.bit')
098.098  000.017  000.017: require('plenary.functional')
098.109  000.080  000.047: require('plenary.path')
098.115  000.103  000.023: require('plenary.strings')
098.145  000.028  000.028: require('telescope.deprecated')
098.220  000.032  000.032: require('plenary.log')
098.228  000.057  000.024: require('telescope.log')
098.296  000.014  000.014: require('plenary.compat')
098.300  000.040  000.026: require('plenary.job')
098.323  000.023  000.023: require('telescope.state')
098.329  000.100  000.037: require('telescope.utils')
098.331  000.186  000.029: require('telescope.sorters')
098.981  001.029  000.712: require('telescope.config')
099.479  000.077  000.077: require('fzf_lib')
099.483  000.124  000.047: require('telescope._extensions.fzf')
099.551  000.065  000.065: require('telescope._extensions.ui-select')
099.816  000.020  000.020: require('plenary.tbl')
099.817  000.045  000.025: require('plenary.vararg.rotate')
099.818  000.072  000.027: require('plenary.vararg')
099.835  000.017  000.017: require('plenary.errors')
099.837  000.114  000.025: require('plenary.async.async')
100.000  000.030  000.030: require('plenary.async.structs')
100.003  000.068  000.039: require('plenary.async.control')
100.006  000.152  000.084: require('plenary.async.util')
100.008  000.170  000.018: require('plenary.async.tests')
100.009  000.354  000.070: require('plenary.async')
100.088  000.043  000.043: require('plenary.window.border')
100.113  000.025  000.025: require('plenary.window')
100.134  000.020  000.020: require('plenary.popup.utils')
100.136  000.126  000.038: require('plenary.popup')
100.297  000.070  000.070: require('telescope.pickers.scroller')
100.327  000.029  000.029: require('telescope.actions.state')
100.399  000.072  000.072: require('telescope.actions.utils')
100.486  000.044  000.044: require('telescope.actions.mt')
100.495  000.095  000.050: require('telescope.actions.set')
100.588  000.057  000.057: require('telescope.config.resolve')
100.589  000.094  000.037: require('telescope.pickers.entry_display')
100.620  000.030  000.030: require('telescope.from_entry')
100.749  000.612  000.223: require('telescope.actions')
100.790  000.041  000.041: require('telescope.debounce')
100.852  000.061  000.061: require('telescope.mappings')
100.883  000.030  000.030: require('telescope.pickers.highlights')
100.909  000.025  000.025: require('telescope.pickers.window')
100.975  000.038  000.038: require('telescope.algos.linked_list')
100.978  000.068  000.031: require('telescope.entry_manager')
101.005  000.027  000.027: require('telescope.pickers.multi')
101.019  001.466  000.122: require('telescope.pickers')
101.155  000.104  000.104: require('telescope.make_entry')
101.197  000.041  000.041: require('telescope.finders.async_static_finder')
101.276  000.023  000.023: require('plenary.class')
101.282  000.060  000.037: require('telescope._')
101.283  000.085  000.026: require('telescope.finders.async_oneshot_finder')
101.309  000.025  000.025: require('telescope.finders.async_job_finder')
101.312  000.292  000.037: require('telescope.finders')
101.371  000.052  000.052: require('telescope.builtin')
101.521  000.036  000.036: sourcing /home/hshayde/.local/share/nvim/lazy/which-key.nvim/plugin/which-key.lua
101.820  000.278  000.278: require('which-key')
101.874  000.051  000.051: require('which-key.config')
101.977  000.018  000.018: sourcing /home/hshayde/.local/share/nvim/lazy/todo-comments.nvim/plugin/todo.vim
102.245  000.028  000.028: require('todo-comments.util')
102.264  000.079  000.051: require('todo-comments.config')
102.329  000.045  000.045: require('todo-comments.highlight')
102.330  000.065  000.020: require('todo-comments.jump')
102.331  000.320  000.175: require('todo-comments')
102.603  000.149  000.149: require('vim.treesitter.highlighter')
105.932  004.497: VimEnter autocommands
105.949  000.017: UIEnter autocommands
105.950  000.001: before starting main loop
106.322  000.068  000.068: require('bufferline.pick')
106.411  000.087  000.087: require('bufferline.duplicates')
106.528  000.115  000.115: require('bufferline.diagnostics')
106.709  000.180  000.180: require('bufferline.models')
106.711  000.563  000.112: require('bufferline.buffers')
106.770  000.047  000.047: require('bufferline.sorters')
106.834  000.060  000.060: require('bufferline.tabpages')
106.911  000.052  000.052: require('bufferline.offset')
106.947  000.032  000.032: require('bufferline.custom_area')
107.135  000.430: first screen update
107.136  000.001: --- NVIM STARTED ---

